
ASEM-51 V1.3                                         Copyright (c) 2002 by W.W. Heinz                                         PAGE 1





       MCS-51 Family Macro Assembler   A S E M - 5 1   V 1.3
       =====================================================



	Source File:	E:\micro\Lab\WEEK6\Q1\Q1.2.ASM
	Object File:	E:\micro\Lab\WEEK6\Q1\Q1.2.hex
	List File:	E:\micro\Lab\WEEK6\Q1\Q1.2.lst



 Line  I  Addr  Code            Source

    1:				;Q1
    2:
    3:				;Make frequency @ 1431 and 2431 Hz
    4:				; f =1431Hz , t=0.698812019 mSec ,t/2 = 0.349406009 ,MC =322
    5:				; f =2431Hz , t=0.411353352 mSec ,t/2 = 0.205676676 ,MC =189.56 ~190
    6:
    7:				;Make frequency @ 1KHz with 66% of duty circle
    8:				;1mSec = 921.6589862 MC
    9:				;@T_ON : 921.65*0.66 = 608.29 ,@T_OFF : 921.65*0.34 = 313.36
   10:
   11:
   12:
   13:		N      8000			ORG	8000H
   14:	  8000	75 89 11			MOV TMOD,#00010001B 	; Timer0,1 Mode1 16Bit 2
   15:
   16:	  8003	C2 8E		T_OFF: 		CLR TR1 		; Stop Timer 4
   17:	  8005	74 00		 		MOV A,#00H 		; Out Pulse 5
   18:	  8007	F5 90		 		MOV P1,A 		; Out P1 6
   19:	  8009	90 E0 00	 		MOV DPTR,#0E000H 	; Out Sound 6
   20:	  800C	F0		 		MOVX @DPTR,A 		; 7
   21:	  800D	90 FF 71			MOV DPTR,#-160+17	; Reload Data 8
   22:	  8010	85 83 8D	 		MOV TH1,DPH 		; For TH1 9
   23:	  8013	85 82 8B	 		MOV TL1,DPL 		; For TL1 10
   24:	  8016	C2 8F		 		CLR TF1 		; Initial Start 11
   25:	  8018	D2 8E				SETB TR1		; Start Timer1 12
   26:	  801A	30 8F FD	 		JNB TF1,$ 		; Wait Until TF On 13
   27:				 					; 14
   28:	  801D	C2 8E		T_ON: 		CLR TR1 		; 1MC 15
   29:	  801F	74 FF		 		MOV A,#0FFH 		; 1MC 16
   30:	  8021	F5 90				MOV P1,A 		; 1MC 17
   31:	  8023	90 E0 00	 		MOV DPTR,#0E000H 	; 2MC 18
   32:	  8026	F0		 		MOVX @DPTR,A 		; 2MC 19
   33:	  8027	90 FE 2D	 		MOV DPTR,#-484+17 	; 2MC 20
   34:	  802A	85 83 8D	 		MOV TH1,DPH 		; 2MC 21
   35:	  802D	85 82 8B		 	MOV TL1,DPL 		; 2MC 22
   36:	  8030	C2 8F		 		CLR TF1 		; 1MC 23
   37:	  8032	D2 8E		 		SETB TR1 		; 1MC 24
   38:	  8034	30 8F FD	 		JNB TF1,$ 		; 2MC 25
   39:				 					; 26
   40:	  8037	80 CA		 		JMP T_OFF ;
   41:
   42:				END


ASEM-51 V1.3                                         Copyright (c) 2002 by W.W. Heinz                                         PAGE 2







                     register banks used:  ---

                     no errors




ASEM-51 V1.3                                         Copyright (c) 2002 by W.W. Heinz                                         PAGE 3





	       L I S T   O F   S Y M B O L S
	       =============================


SYMBOL				  TYPE     VALUE	LINE
------------------------------------------------------------
??ASEM_51			  NUMBER    8051
??VERSION			  NUMBER    0130
AC				  BIT	      D6
ACC				  DATA	      E0
B				  DATA	      F0
CY				  BIT	      D7
DPH				  DATA	      83
DPL				  DATA	      82
EA				  BIT	      AF
ES				  BIT	      AC
ET0				  BIT	      A9
ET1				  BIT	      AB
EX0				  BIT	      A8
EX1				  BIT	      AA
EXTI0				  CODE	    0003
EXTI1				  CODE	    0013
F0				  BIT	      D5
IE				  DATA	      A8
IE0				  BIT	      89
IE1				  BIT	      8B
INT0				  BIT	      B2
INT1				  BIT	      B3
IP				  DATA	      B8
IT0				  BIT	      88
IT1				  BIT	      8A
OV				  BIT	      D2
P				  BIT	      D0
P0				  DATA	      80
P1				  DATA	      90
P2				  DATA	      A0
P3				  DATA	      B0
PCON				  DATA	      87
PS				  BIT	      BC
PSW				  DATA	      D0
PT0				  BIT	      B9
PT1				  BIT	      BB
PX0				  BIT	      B8
PX1				  BIT	      BA
RB8				  BIT	      9A
RD				  BIT	      B7
REN				  BIT	      9C
RESET				  CODE	    0000
RI				  BIT	      98
RS0				  BIT	      D3
RS1				  BIT	      D4
RXD				  BIT	      B0
SBUF				  DATA	      99
SCON				  DATA	      98
SINT				  CODE	    0023
SM0				  BIT	      9F

ASEM-51 V1.3                                         Copyright (c) 2002 by W.W. Heinz                                         PAGE 4



SYMBOL				  TYPE     VALUE	LINE
------------------------------------------------------------
SM1				  BIT	      9E
SM2				  BIT	      9D
SP				  DATA	      81
T0				  BIT	      B4
T1				  BIT	      B5
TB8				  BIT	      9B
TCON				  DATA	      88
TF0				  BIT	      8D
TF1				  BIT	      8F
TH0				  DATA	      8C
TH1				  DATA	      8D
TI				  BIT	      99
TIMER0				  CODE	    000B
TIMER1				  CODE	    001B
TL0				  DATA	      8A
TL1				  DATA	      8B
TMOD				  DATA	      89
TR0				  BIT	      8C
TR1				  BIT	      8E
TXD				  BIT	      B1
T_OFF				  CODE	    8003	  16
T_ON				  CODE	    801D	  28
WR				  BIT	      B6
