
ASEM-51 V1.3                                         Copyright (c) 2002 by W.W. Heinz                                         PAGE 1





       MCS-51 Family Macro Assembler   A S E M - 5 1   V 1.3
       =====================================================



	Source File:	I:\micro\New folder\T3.ASM
	Object File:	I:\micro\New folder\T3.hex
	List File:	I:\micro\New folder\T3.lst



 Line  I  Addr  Code            Source

    1:		N      0000		ORG	0000H
    2:
    3:	  0000	78 80			MOV	R0,#80H ;DPH START
    4:	  0002	79 00			MOV	R1,#00H	;DPL START
    5:
    6:	  0004	7A 80			MOV	R2,#80H	;DPH FINAL
    7:	  0006	7B 10			MOV	R3,#10H ;DPL FINAL
    8:
    9:
   10:	  0008			LOOP:	;READ
   11:	  0008	88 83			MOV	DPH,R0
   12:	  000A	89 82			MOV	DPL,R1
   13:	  000C	E0			MOVX	A,@DPTR
   14:	  000D	A3			INC	DPTR
   15:	  000E	A8 83			MOV	R0,DPH
   16:	  0010	A9 82			MOV	R1,DPL
   17:					;WRITE
   18:	  0012	8A 83			MOV	DPH,R2
   19:	  0014	8B 82			MOV	DPL,R3
   20:	  0016	F0			MOVX	@DPTR,A
   21:	  0017	A3			INC	DPTR
   22:	  0018	AA 83			MOV	R2,DPH
   23:	  001A	AB 82			MOV	R3,DPL
   24:
   25:	  001C	B9 10 E9		CJNE	R1,#10H,LOOP
   26:
   27:
   28:
   29:
   30:	  001F	80 FE			SJMP	$
   31:					END





                     register banks used:  ---

                     no errors




ASEM-51 V1.3                                         Copyright (c) 2002 by W.W. Heinz                                         PAGE 2





	       L I S T   O F   S Y M B O L S
	       =============================


SYMBOL				  TYPE     VALUE	LINE
------------------------------------------------------------
??ASEM_51			  NUMBER    8051
??VERSION			  NUMBER    0130
AC				  BIT	      D6
ACC				  DATA	      E0
B				  DATA	      F0
CY				  BIT	      D7
DPH				  DATA	      83
DPL				  DATA	      82
EA				  BIT	      AF
ES				  BIT	      AC
ET0				  BIT	      A9
ET1				  BIT	      AB
EX0				  BIT	      A8
EX1				  BIT	      AA
EXTI0				  CODE	    0003
EXTI1				  CODE	    0013
F0				  BIT	      D5
IE				  DATA	      A8
IE0				  BIT	      89
IE1				  BIT	      8B
INT0				  BIT	      B2
INT1				  BIT	      B3
IP				  DATA	      B8
IT0				  BIT	      88
IT1				  BIT	      8A
LOOP				  CODE	    0008	  10
OV				  BIT	      D2
P				  BIT	      D0
P0				  DATA	      80
P1				  DATA	      90
P2				  DATA	      A0
P3				  DATA	      B0
PCON				  DATA	      87
PS				  BIT	      BC
PSW				  DATA	      D0
PT0				  BIT	      B9
PT1				  BIT	      BB
PX0				  BIT	      B8
PX1				  BIT	      BA
RB8				  BIT	      9A
RD				  BIT	      B7
REN				  BIT	      9C
RESET				  CODE	    0000
RI				  BIT	      98
RS0				  BIT	      D3
RS1				  BIT	      D4
RXD				  BIT	      B0
SBUF				  DATA	      99
SCON				  DATA	      98
SINT				  CODE	    0023

ASEM-51 V1.3                                         Copyright (c) 2002 by W.W. Heinz                                         PAGE 3



SYMBOL				  TYPE     VALUE	LINE
------------------------------------------------------------
SM0				  BIT	      9F
SM1				  BIT	      9E
SM2				  BIT	      9D
SP				  DATA	      81
T0				  BIT	      B4
T1				  BIT	      B5
TB8				  BIT	      9B
TCON				  DATA	      88
TF0				  BIT	      8D
TF1				  BIT	      8F
TH0				  DATA	      8C
TH1				  DATA	      8D
TI				  BIT	      99
TIMER0				  CODE	    000B
TIMER1				  CODE	    001B
TL0				  DATA	      8A
TL1				  DATA	      8B
TMOD				  DATA	      89
TR0				  BIT	      8C
TR1				  BIT	      8E
TXD				  BIT	      B1
WR				  BIT	      B6
