
ASEM-51 V1.3                                         Copyright (c) 2002 by W.W. Heinz                                         PAGE 1





       MCS-51 Family Macro Assembler   A S E M - 5 1   V 1.3
       =====================================================



	Source File:	F:\micro\Lab\WEEK2\LONGasm02.ASM
	Object File:	F:\micro\Lab\WEEK2\LONGasm02.hex
	List File:	F:\micro\Lab\WEEK2\LONGasm02.lst



 Line  I  Addr  Code            Source

    1:		N      8000			ORG 	8000H
    2:	  8000	90 E0 60	LOOP: 		MOV 	DPTR,#0E060H
    3:	  8003	74 3F				MOV 	A,#00111111B  ;0
    4:	  8005	F0				MOVX 	@DPTR,A
    5:	  8006	12 80 65			CALL	DELAY_650MS
    6:	  8009	74 06				MOV 	A,#00000110B  ;1
    7:	  800B	F0				MOVX 	@DPTR,A
    8:	  800C	12 80 65			CALL	DELAY_650MS
    9:	  800F	74 5B				MOV 	A,#01011011B  ;2
   10:	  8011	F0				MOVX 	@DPTR,A
   11:	  8012	12 80 65			CALL	DELAY_650MS
   12:	  8015	74 4F				MOV 	A,#01001111B  ;3
   13:	  8017	F0				MOVX 	@DPTR,A
   14:	  8018	12 80 65			CALL	DELAY_650MS
   15:	  801B	74 66				MOV 	A,#01100110B  ;4
   16:	  801D	F0				MOVX 	@DPTR,A
   17:	  801E	12 80 65			CALL	DELAY_650MS
   18:	  8021	74 6D				MOV 	A,#01101101B  ;5
   19:	  8023	F0				MOVX 	@DPTR,A
   20:	  8024	12 80 65			CALL	DELAY_650MS
   21:	  8027	74 7D				MOV 	A,#01111101B  ;6
   22:	  8029	F0				MOVX 	@DPTR,A
   23:	  802A	12 80 65			CALL	DELAY_650MS
   24:	  802D	74 07				MOV 	A,#00000111B  ;7
   25:	  802F	F0				MOVX 	@DPTR,A
   26:	  8030	12 80 65			CALL	DELAY_650MS
   27:	  8033	74 7F				MOV 	A,#01111111B  ;8
   28:	  8035	F0				MOVX 	@DPTR,A
   29:	  8036	12 80 65			CALL	DELAY_650MS
   30:	  8039	74 67				MOV 	A,#01100111B  ;9
   31:	  803B	F0				MOVX 	@DPTR,A
   32:	  803C	12 80 65			CALL	DELAY_650MS
   33:	  803F	74 77				MOV 	A,#01110111B  ;A
   34:	  8041	F0				MOVX 	@DPTR,A
   35:	  8042	12 80 65			CALL	DELAY_650MS
   36:	  8045	74 7C				MOV 	A,#01111100B  ;B
   37:	  8047	F0				MOVX 	@DPTR,A
   38:	  8048	12 80 65			CALL	DELAY_650MS
   39:	  804B	74 39				MOV 	A,#00111001B  ;C
   40:	  804D	F0				MOVX 	@DPTR,A
   41:	  804E	12 80 65			CALL	DELAY_650MS
   42:	  8051	74 5E				MOV 	A,#01011110B  ;D
   43:	  8053	F0				MOVX 	@DPTR,A

ASEM-51 V1.3                                         Copyright (c) 2002 by W.W. Heinz                                         PAGE 2



 Line  I  Addr  Code            Source

   44:	  8054	12 80 65			CALL	DELAY_650MS
   45:	  8057	74 79				MOV 	A,#01111001B  ;E
   46:	  8059	F0				MOVX 	@DPTR,A
   47:	  805A	12 80 65			CALL	DELAY_650MS
   48:	  805D	74 71				MOV 	A,#01110001B  ;F
   49:	  805F	F0				MOVX 	@DPTR,A
   50:	  8060	12 80 65			CALL	DELAY_650MS
   51:	  8063	80 9B				JMP 	LOOP
   52:
   53:	  8065	7D 04		DELAY_650MS:	MOV	R5,#04
   54:	  8067	7E C8		DELAY1:		MOV	R6,#200
   55:	  8069	7F C8		DELAY2:		MOV	R7,#200
   56:	  806B	DF FE		DELAY3:		DJNZ	R7,DELAY3
   57:	  806D	DE FA				DJNZ	R6,DELAY2
   58:	  806F	DD F6				DJNZ	R5,DELAY1
   59:	  8071	22				RET
   60:
   61:						END





                     register banks used:  ---

                     no errors




ASEM-51 V1.3                                         Copyright (c) 2002 by W.W. Heinz                                         PAGE 3





	       L I S T   O F   S Y M B O L S
	       =============================


SYMBOL				  TYPE     VALUE	LINE
------------------------------------------------------------
??ASEM_51			  NUMBER    8051
??VERSION			  NUMBER    0130
AC				  BIT	      D6
ACC				  DATA	      E0
B				  DATA	      F0
CY				  BIT	      D7
DELAY1				  CODE	    8067	  54
DELAY2				  CODE	    8069	  55
DELAY3				  CODE	    806B	  56
DELAY_650MS			  CODE	    8065	  53
DPH				  DATA	      83
DPL				  DATA	      82
EA				  BIT	      AF
ES				  BIT	      AC
ET0				  BIT	      A9
ET1				  BIT	      AB
EX0				  BIT	      A8
EX1				  BIT	      AA
EXTI0				  CODE	    0003
EXTI1				  CODE	    0013
F0				  BIT	      D5
IE				  DATA	      A8
IE0				  BIT	      89
IE1				  BIT	      8B
INT0				  BIT	      B2
INT1				  BIT	      B3
IP				  DATA	      B8
IT0				  BIT	      88
IT1				  BIT	      8A
LOOP				  CODE	    8000	   2
OV				  BIT	      D2
P				  BIT	      D0
P0				  DATA	      80
P1				  DATA	      90
P2				  DATA	      A0
P3				  DATA	      B0
PCON				  DATA	      87
PS				  BIT	      BC
PSW				  DATA	      D0
PT0				  BIT	      B9
PT1				  BIT	      BB
PX0				  BIT	      B8
PX1				  BIT	      BA
RB8				  BIT	      9A
RD				  BIT	      B7
REN				  BIT	      9C
RESET				  CODE	    0000
RI				  BIT	      98
RS0				  BIT	      D3
RS1				  BIT	      D4

ASEM-51 V1.3                                         Copyright (c) 2002 by W.W. Heinz                                         PAGE 4



SYMBOL				  TYPE     VALUE	LINE
------------------------------------------------------------
RXD				  BIT	      B0
SBUF				  DATA	      99
SCON				  DATA	      98
SINT				  CODE	    0023
SM0				  BIT	      9F
SM1				  BIT	      9E
SM2				  BIT	      9D
SP				  DATA	      81
T0				  BIT	      B4
T1				  BIT	      B5
TB8				  BIT	      9B
TCON				  DATA	      88
TF0				  BIT	      8D
TF1				  BIT	      8F
TH0				  DATA	      8C
TH1				  DATA	      8D
TI				  BIT	      99
TIMER0				  CODE	    000B
TIMER1				  CODE	    001B
TL0				  DATA	      8A
TL1				  DATA	      8B
TMOD				  DATA	      89
TR0				  BIT	      8C
TR1				  BIT	      8E
TXD				  BIT	      B1
WR				  BIT	      B6
