
ASEM-51 V1.3                                         Copyright (c) 2002 by W.W. Heinz                                         PAGE 1





       MCS-51 Family Macro Assembler   A S E M - 5 1   V 1.3
       =====================================================



	Source File:	F:\micro\Lab\WEEK4\AMS2X.ASM
	Object File:	F:\micro\Lab\WEEK4\AMS2X.hex
	List File:	F:\micro\Lab\WEEK4\AMS2X.lst



 Line  I  Addr  Code            Source

    1:		N      0000			ORG	0000H
    2:	  0000	88 20				MOV	20H,R0
    3:	  0002	89 21				MOV	21H,R1
    4:	  0004	8A 22				MOV	22H,R2
    5:	  0006	8B 23				MOV	23H,R3
    6:	  0008	8C 24				MOV	24H,R4
    7:	  000A	8D 25				MOV	25H,R5
    8:	  000C	8E 26				MOV	26H,R6
    9:	  000E	8F 27				MOV	27H,R7
   10:
   11:	  0010	78 20				MOV	R0,#20H
   12:	  0012	7F 08				MOV	R7,#8
   13:	  0014	7D 00				MOV	R5,#0	;MSB
   14:	  0016	7E 00				MOV	R6,#0	;LSB
   15:
   16:	  0018	C3			LOOP:	CLR	C
   17:	  0019	E6				MOV	A,@R0
   18:	  001A	3D				ADDC	A,R5
   19:	  001B	FD				MOV	R5,A
   20:	  001C	74 00				MOV	A,#0
   21:	  001E	3E				ADDC	A,R6
   22:	  001F	FE				MOV	R6,A
   23:	  0020	74 00				MOV	A,#0
   24:	  0022	08				INC	R0
   25:	  0023	DF F3				DJNZ	R7,LOOP
   26:
   27:	  0025	EE				MOV	A,R6
   28:	  0026	90 95 00			MOV	DPTR,#9500H
   29:	  0029	F0				MOVX	@DPTR,A
   30:	  002A	A3				INC	DPTR
   31:	  002B	ED				MOV	A,R5
   32:	  002C	F0				MOVX	@DPTR,A
   33:	  002D	80 FE				SJMP	$
   34:
   35:
   36:
   37:
   38:						END






ASEM-51 V1.3                                         Copyright (c) 2002 by W.W. Heinz                                         PAGE 2



                     register banks used:  ---

                     no errors




ASEM-51 V1.3                                         Copyright (c) 2002 by W.W. Heinz                                         PAGE 3





	       L I S T   O F   S Y M B O L S
	       =============================


SYMBOL				  TYPE     VALUE	LINE
------------------------------------------------------------
??ASEM_51			  NUMBER    8051
??VERSION			  NUMBER    0130
AC				  BIT	      D6
ACC				  DATA	      E0
B				  DATA	      F0
CY				  BIT	      D7
DPH				  DATA	      83
DPL				  DATA	      82
EA				  BIT	      AF
ES				  BIT	      AC
ET0				  BIT	      A9
ET1				  BIT	      AB
EX0				  BIT	      A8
EX1				  BIT	      AA
EXTI0				  CODE	    0003
EXTI1				  CODE	    0013
F0				  BIT	      D5
IE				  DATA	      A8
IE0				  BIT	      89
IE1				  BIT	      8B
INT0				  BIT	      B2
INT1				  BIT	      B3
IP				  DATA	      B8
IT0				  BIT	      88
IT1				  BIT	      8A
LOOP				  CODE	    0018	  16
OV				  BIT	      D2
P				  BIT	      D0
P0				  DATA	      80
P1				  DATA	      90
P2				  DATA	      A0
P3				  DATA	      B0
PCON				  DATA	      87
PS				  BIT	      BC
PSW				  DATA	      D0
PT0				  BIT	      B9
PT1				  BIT	      BB
PX0				  BIT	      B8
PX1				  BIT	      BA
RB8				  BIT	      9A
RD				  BIT	      B7
REN				  BIT	      9C
RESET				  CODE	    0000
RI				  BIT	      98
RS0				  BIT	      D3
RS1				  BIT	      D4
RXD				  BIT	      B0
SBUF				  DATA	      99
SCON				  DATA	      98
SINT				  CODE	    0023

ASEM-51 V1.3                                         Copyright (c) 2002 by W.W. Heinz                                         PAGE 4



SYMBOL				  TYPE     VALUE	LINE
------------------------------------------------------------
SM0				  BIT	      9F
SM1				  BIT	      9E
SM2				  BIT	      9D
SP				  DATA	      81
T0				  BIT	      B4
T1				  BIT	      B5
TB8				  BIT	      9B
TCON				  DATA	      88
TF0				  BIT	      8D
TF1				  BIT	      8F
TH0				  DATA	      8C
TH1				  DATA	      8D
TI				  BIT	      99
TIMER0				  CODE	    000B
TIMER1				  CODE	    001B
TL0				  DATA	      8A
TL1				  DATA	      8B
TMOD				  DATA	      89
TR0				  BIT	      8C
TR1				  BIT	      8E
TXD				  BIT	      B1
WR				  BIT	      B6
