
ASEM-51 V1.3                                         Copyright (c) 2002 by W.W. Heinz                                         PAGE 1





       MCS-51 Family Macro Assembler   A S E M - 5 1   V 1.3
       =====================================================



	Source File:	E:\micro\Lab\WEEK4\AMS3.4.ASM
	Object File:	E:\micro\Lab\WEEK4\AMS3.4.hex
	List File:	E:\micro\Lab\WEEK4\AMS3.4.lst



 Line  I  Addr  Code            Source

    1:		N      0000			ORG	0000H
    2:						;987
    3:
    4:
    5:
    6:	  0000	E5 83				MOV	A,DPH
    7:	  0002	54 0F				ANL	A,#0FH
    8:	  0004	FD				MOV	R5,A
    9:	  0005	E5 82				MOV	A,DPL
   10:	  0007	C4				SWAP	A
   11:	  0008	54 0F				ANL	A,#0FH
   12:	  000A	FE				MOV	R6,A
   13:	  000B	E5 82				MOV	A,DPL
   14:	  000D	54 0F				ANL	A,#0FH
   15:	  000F	FF				MOV	R7,A
   16:
   17:	  0010	ED				MOV	A,R5
   18:	  0011	75 F0 64			MOV	B,#100
   19:	  0014	A4				MUL	AB
   20:	  0015	85 F0 21			MOV	21H,B
   21:	  0018	F5 22				MOV	22H,A
   22:	  001A	EE				MOV	A,R6
   23:	  001B	75 F0 0A			MOV	B,#10
   24:	  001E	A4				MUL	AB
   25:	  001F	85 F0 31			MOV	31H,B
   26:	  0022	F5 32				MOV	32H,A
   27:
   28:	  0024	75 83 00			MOV	DPH,#0
   29:	  0027	8F 82				MOV	DPL,R7
   30:	  0029	C3				CLR	C
   31:
   32:	  002A	E5 22				MOV	A,22H
   33:	  002C	25 82				ADD	A,DPL
   34:	  002E	F5 82				MOV	DPL,A
   35:	  0030	E5 21				MOV	A,21H
   36:	  0032	35 83				ADDC	A,DPH
   37:	  0034	F5 83				MOV	DPH,A
   38:
   39:	  0036	E5 32				MOV	A,32H
   40:	  0038	25 82				ADD	A,DPL
   41:	  003A	F5 82				MOV	DPL,A
   42:	  003C	E5 31				MOV	A,31H
   43:	  003E	35 83				ADDC	A,DPH

ASEM-51 V1.3                                         Copyright (c) 2002 by W.W. Heinz                                         PAGE 2



 Line  I  Addr  Code            Source

   44:	  0040	F5 83				MOV	DPH,A
   45:
   46:
   47:
   48:
   49:
   50:	  0042	80 FE				SJMP	$
   51:						END
   52:
   53:





                     register banks used:  ---

                     no errors




ASEM-51 V1.3                                         Copyright (c) 2002 by W.W. Heinz                                         PAGE 3





	       L I S T   O F   S Y M B O L S
	       =============================


SYMBOL				  TYPE     VALUE	LINE
------------------------------------------------------------
??ASEM_51			  NUMBER    8051
??VERSION			  NUMBER    0130
AC				  BIT	      D6
ACC				  DATA	      E0
B				  DATA	      F0
CY				  BIT	      D7
DPH				  DATA	      83
DPL				  DATA	      82
EA				  BIT	      AF
ES				  BIT	      AC
ET0				  BIT	      A9
ET1				  BIT	      AB
EX0				  BIT	      A8
EX1				  BIT	      AA
EXTI0				  CODE	    0003
EXTI1				  CODE	    0013
F0				  BIT	      D5
IE				  DATA	      A8
IE0				  BIT	      89
IE1				  BIT	      8B
INT0				  BIT	      B2
INT1				  BIT	      B3
IP				  DATA	      B8
IT0				  BIT	      88
IT1				  BIT	      8A
OV				  BIT	      D2
P				  BIT	      D0
P0				  DATA	      80
P1				  DATA	      90
P2				  DATA	      A0
P3				  DATA	      B0
PCON				  DATA	      87
PS				  BIT	      BC
PSW				  DATA	      D0
PT0				  BIT	      B9
PT1				  BIT	      BB
PX0				  BIT	      B8
PX1				  BIT	      BA
RB8				  BIT	      9A
RD				  BIT	      B7
REN				  BIT	      9C
RESET				  CODE	    0000
RI				  BIT	      98
RS0				  BIT	      D3
RS1				  BIT	      D4
RXD				  BIT	      B0
SBUF				  DATA	      99
SCON				  DATA	      98
SINT				  CODE	    0023
SM0				  BIT	      9F

ASEM-51 V1.3                                         Copyright (c) 2002 by W.W. Heinz                                         PAGE 4



SYMBOL				  TYPE     VALUE	LINE
------------------------------------------------------------
SM1				  BIT	      9E
SM2				  BIT	      9D
SP				  DATA	      81
T0				  BIT	      B4
T1				  BIT	      B5
TB8				  BIT	      9B
TCON				  DATA	      88
TF0				  BIT	      8D
TF1				  BIT	      8F
TH0				  DATA	      8C
TH1				  DATA	      8D
TI				  BIT	      99
TIMER0				  CODE	    000B
TIMER1				  CODE	    001B
TL0				  DATA	      8A
TL1				  DATA	      8B
TMOD				  DATA	      89
TR0				  BIT	      8C
TR1				  BIT	      8E
TXD				  BIT	      B1
WR				  BIT	      B6
