
ASEM-51 V1.3                                         Copyright (c) 2002 by W.W. Heinz                                         PAGE 1





       MCS-51 Family Macro Assembler   A S E M - 5 1   V 1.3
       =====================================================



	Source File:	H:\micro\Lab\WEEK4\AMS4.ASM
	Object File:	H:\micro\Lab\WEEK4\AMS4.hex
	List File:	H:\micro\Lab\WEEK4\AMS4.lst



 Line  I  Addr  Code            Source

    1:		N      0000			ORG	0000
    2:
    3:	  0000	E5 83				MOV	A,DPH
    4:	  0002	C4				SWAP	A
    5:	  0003	54 0F				ANL	A,#0FH
    6:	  0005	FC				MOV	R4,A
    7:	  0006	E5 83				MOV	A,DPH
    8:	  0008	54 0F				ANL	A,#0FH
    9:	  000A	FD				MOV	R5,A
   10:	  000B	E5 82				MOV	A,DPL
   11:	  000D	C4				SWAP	A
   12:	  000E	54 0F				ANL	A,#0FH
   13:	  0010	FE				MOV	R6,A
   14:	  0011	E5 82				MOV	A,DPL
   15:	  0013	54 0F				ANL	A,#0FH
   16:	  0015	FF				MOV	R7,A
   17:
   18:	  0016	ED				MOV	A,R5
   19:	  0017	75 F0 64			MOV	B,#100
   20:	  001A	A4				MUL	AB
   21:	  001B	85 F0 21			MOV	21H,B
   22:	  001E	F5 22				MOV	22H,A
   23:	  0020	EE				MOV	A,R6
   24:	  0021	75 F0 0A			MOV	B,#10
   25:	  0024	A4				MUL	AB
   26:	  0025	85 F0 31			MOV	31H,B
   27:	  0028	F5 32				MOV	32H,A
   28:
   29:
   30:	  002A	EC				MOV	A,R4
   31:	  002B	23				RL	A
   32:	  002C	C0 E0				PUSH	ACC
   33:	  002E	90 00 63			MOV	DPTR,#xTable
   34:	  0031	93				MOVC	A,@A+DPTR
   35:	  0032	F5 F0				MOV	B,A
   36:	  0034	D0 E0				POP	ACC
   37:	  0036	04				INC	A
   38:	  0037	93				MOVC	A,@A+DPTR
   39:	  0038	F5 82				MOV	DPL,A
   40:	  003A	85 F0 83			MOV	DPH,B
   41:
   42:	  003D	C3				CLR	C
   43:

ASEM-51 V1.3                                         Copyright (c) 2002 by W.W. Heinz                                         PAGE 2



 Line  I  Addr  Code            Source

   44:	  003E	EF				MOV	A,R7
   45:	  003F	25 82				ADD	A,DPL
   46:	  0041	F5 82				MOV	DPL,A
   47:
   48:	  0043	E5 83				MOV	A,DPH
   49:	  0045	34 00				ADDC	A,#0H
   50:	  0047	F5 83				MOV	DPH,A
   51:
   52:	  0049	E5 22				MOV	A,22H
   53:	  004B	25 82				ADD	A,DPL
   54:	  004D	F5 82				MOV	DPL,A
   55:	  004F	E5 21				MOV	A,21H
   56:	  0051	35 83				ADDC	A,DPH
   57:	  0053	F5 83				MOV	DPH,A
   58:
   59:	  0055	E5 32				MOV	A,32H
   60:	  0057	25 82				ADD	A,DPL
   61:	  0059	F5 82				MOV	DPL,A
   62:	  005B	E5 31				MOV	A,31H
   63:	  005D	35 83				ADDC	A,DPH
   64:	  005F	F5 83				MOV	DPH,A
   65:
   66:	  0061	80 FE				JMP	$
   67:
   68:
   69:	  0063	03 E8 00 00	xTable:	DW	00001000,30004000
							 ^
			  @@@@@ constant out of range @@@@@

   70:	  0067	13 88 17 70		DW	5000,6000,7000,8000,9000
	  006B	1B 58 1F 40
	  006F	23 28
   71:
   72:					END





                     register banks used:  ---

                     1 error detected




ASEM-51 V1.3                                         Copyright (c) 2002 by W.W. Heinz                                         PAGE 3





	       L I S T   O F   S Y M B O L S
	       =============================


SYMBOL				  TYPE     VALUE	LINE
------------------------------------------------------------
??ASEM_51			  NUMBER    8051
??VERSION			  NUMBER    0130
AC				  BIT	      D6
ACC				  DATA	      E0
B				  DATA	      F0
CY				  BIT	      D7
DPH				  DATA	      83
DPL				  DATA	      82
EA				  BIT	      AF
ES				  BIT	      AC
ET0				  BIT	      A9
ET1				  BIT	      AB
EX0				  BIT	      A8
EX1				  BIT	      AA
EXTI0				  CODE	    0003
EXTI1				  CODE	    0013
F0				  BIT	      D5
IE				  DATA	      A8
IE0				  BIT	      89
IE1				  BIT	      8B
INT0				  BIT	      B2
INT1				  BIT	      B3
IP				  DATA	      B8
IT0				  BIT	      88
IT1				  BIT	      8A
OV				  BIT	      D2
P				  BIT	      D0
P0				  DATA	      80
P1				  DATA	      90
P2				  DATA	      A0
P3				  DATA	      B0
PCON				  DATA	      87
PS				  BIT	      BC
PSW				  DATA	      D0
PT0				  BIT	      B9
PT1				  BIT	      BB
PX0				  BIT	      B8
PX1				  BIT	      BA
RB8				  BIT	      9A
RD				  BIT	      B7
REN				  BIT	      9C
RESET				  CODE	    0000
RI				  BIT	      98
RS0				  BIT	      D3
RS1				  BIT	      D4
RXD				  BIT	      B0
SBUF				  DATA	      99
SCON				  DATA	      98
SINT				  CODE	    0023
SM0				  BIT	      9F

ASEM-51 V1.3                                         Copyright (c) 2002 by W.W. Heinz                                         PAGE 4



SYMBOL				  TYPE     VALUE	LINE
------------------------------------------------------------
SM1				  BIT	      9E
SM2				  BIT	      9D
SP				  DATA	      81
T0				  BIT	      B4
T1				  BIT	      B5
TB8				  BIT	      9B
TCON				  DATA	      88
TF0				  BIT	      8D
TF1				  BIT	      8F
TH0				  DATA	      8C
TH1				  DATA	      8D
TI				  BIT	      99
TIMER0				  CODE	    000B
TIMER1				  CODE	    001B
TL0				  DATA	      8A
TL1				  DATA	      8B
TMOD				  DATA	      89
TR0				  BIT	      8C
TR1				  BIT	      8E
TXD				  BIT	      B1
WR				  BIT	      B6
XTABLE				  CODE	    0063	  69
