
ASEM-51 V1.3                                         Copyright (c) 2002 by W.W. Heinz                                         PAGE 1





       MCS-51 Family Macro Assembler   A S E M - 5 1   V 1.3
       =====================================================



	Source File:	E:\micro\Lab\WEEK4\AMSQ5.ASM
	Object File:	E:\micro\Lab\WEEK4\AMSQ5.hex
	List File:	E:\micro\Lab\WEEK4\AMSQ5.lst



 Line  I  Addr  Code            Source

    1:		N      0000			ORG	0000H
    2:	  0000	A8 83				MOV	R0,DPH
    3:	  0002	A9 82				MOV	R1,DPL
    4:	  0004	75 F0 00			MOV	B,#0
    5:
    6:	  0007	C3				CLR	C
    7:	  0008	7E 08				MOV	R6,#8
    8:
    9:	  000A	E8			MSB:	MOV	A,R0
   10:	  000B	33				RLC	A
   11:	  000C	F8				MOV	R0,A
   12:	  000D	E5 F0				MOV	A,B
   13:	  000F	B3				CPL	C
   14:	  0010	34 00				ADDC	A,#0
   15:	  0012	F5 F0				MOV	B,A
   16:	  0014	DE F4				DJNZ	R6,MSB
   17:
   18:	  0016	7E 08				MOV	R6,#8
   19:	  0018	E9			LSB:	MOV	A,R1
   20:	  0019	33				RLC	A
   21:	  001A	F9				MOV	R1,A
   22:	  001B	E5 F0				MOV	A,B
   23:	  001D	B3				CPL	C
   24:	  001E	34 00				ADDC	A,#0
   25:	  0020	F5 F0				MOV	B,A
   26:	  0022	DE F4				DJNZ	R6,LSB
   27:
   28:	  0024	D4				DA	A
   29:	  0025	C5 F0				XCH	A,B
   30:	  0027	80 FE				SJMP	$
   31:
   32:
   33:
   34:
   35:
   36:						END





                     register banks used:  ---


ASEM-51 V1.3                                         Copyright (c) 2002 by W.W. Heinz                                         PAGE 2



                     no errors




ASEM-51 V1.3                                         Copyright (c) 2002 by W.W. Heinz                                         PAGE 3





	       L I S T   O F   S Y M B O L S
	       =============================


SYMBOL				  TYPE     VALUE	LINE
------------------------------------------------------------
??ASEM_51			  NUMBER    8051
??VERSION			  NUMBER    0130
AC				  BIT	      D6
ACC				  DATA	      E0
B				  DATA	      F0
CY				  BIT	      D7
DPH				  DATA	      83
DPL				  DATA	      82
EA				  BIT	      AF
ES				  BIT	      AC
ET0				  BIT	      A9
ET1				  BIT	      AB
EX0				  BIT	      A8
EX1				  BIT	      AA
EXTI0				  CODE	    0003
EXTI1				  CODE	    0013
F0				  BIT	      D5
IE				  DATA	      A8
IE0				  BIT	      89
IE1				  BIT	      8B
INT0				  BIT	      B2
INT1				  BIT	      B3
IP				  DATA	      B8
IT0				  BIT	      88
IT1				  BIT	      8A
LSB				  CODE	    0018	  19
MSB				  CODE	    000A	   9
OV				  BIT	      D2
P				  BIT	      D0
P0				  DATA	      80
P1				  DATA	      90
P2				  DATA	      A0
P3				  DATA	      B0
PCON				  DATA	      87
PS				  BIT	      BC
PSW				  DATA	      D0
PT0				  BIT	      B9
PT1				  BIT	      BB
PX0				  BIT	      B8
PX1				  BIT	      BA
RB8				  BIT	      9A
RD				  BIT	      B7
REN				  BIT	      9C
RESET				  CODE	    0000
RI				  BIT	      98
RS0				  BIT	      D3
RS1				  BIT	      D4
RXD				  BIT	      B0
SBUF				  DATA	      99
SCON				  DATA	      98

ASEM-51 V1.3                                         Copyright (c) 2002 by W.W. Heinz                                         PAGE 4



SYMBOL				  TYPE     VALUE	LINE
------------------------------------------------------------
SINT				  CODE	    0023
SM0				  BIT	      9F
SM1				  BIT	      9E
SM2				  BIT	      9D
SP				  DATA	      81
T0				  BIT	      B4
T1				  BIT	      B5
TB8				  BIT	      9B
TCON				  DATA	      88
TF0				  BIT	      8D
TF1				  BIT	      8F
TH0				  DATA	      8C
TH1				  DATA	      8D
TI				  BIT	      99
TIMER0				  CODE	    000B
TIMER1				  CODE	    001B
TL0				  DATA	      8A
TL1				  DATA	      8B
TMOD				  DATA	      89
TR0				  BIT	      8C
TR1				  BIT	      8E
TXD				  BIT	      B1
WR				  BIT	      B6
