
ASEM-51 V1.3                                         Copyright (c) 2002 by W.W. Heinz                                         PAGE 1





       MCS-51 Family Macro Assembler   A S E M - 5 1   V 1.3
       =====================================================



	Source File:	E:\micro\Lab\WEEK3\ASM04.ASM
	Object File:	E:\micro\Lab\WEEK3\ASM04.hex
	List File:	E:\micro\Lab\WEEK3\ASM04.lst



 Line  I  Addr  Code            Source

    1:		N      0000		ORG 	0000H
    2:
    3:					;START
    4:	  0000	90 10 20		MOV	DPTR,#1020H
    5:	  0003	E0			MOVX	A,@DPTR
    6:	  0004	F8			MOV 	R0,A
    7:	  0005	90 10 21		MOV	DPTR,#1021H
    8:	  0008	E0			MOVX	A,@DPTR
    9:	  0009	F9			MOV 	R1,A
   10:
   11:					;STOP
   12:	  000A	90 10 30		MOV	DPTR,#1030H
   13:	  000D	E0			MOVX	A,@DPTR
   14:	  000E	FA			MOV 	R2,A
   15:	  000F	90 10 31		MOV	DPTR,#1031H
   16:	  0012	E0			MOVX	A,@DPTR
   17:	  0013	FB			MOV 	R3,A
   18:
   19:	  0014	EA			MOV	A,R2
   20:	  0015	F5 83			MOV	DPH,A
   21:	  0017	EB			MOV	A,R3
   22:	  0018	F5 82			MOV	DPL,A
   23:	  001A	A3			INC	DPTR
   24:	  001B	E5 83			MOV	A,DPH
   25:	  001D	FA			MOV	R2,A
   26:	  001E	E5 82			MOV	A,DPL
   27:	  0020	FB			MOV	R3,A
   28:
   29:
   30:					;DESTINATION
   31:	  0021	90 10 40		MOV	DPTR,#1040H
   32:	  0024	E0			MOVX	A,@DPTR
   33:	  0025	FC			MOV 	R4,A
   34:	  0026	90 10 41		MOV	DPTR,#1041H
   35:	  0029	E0			MOVX	A,@DPTR
   36:	  002A	FD			MOV 	R5,A
   37:
   38:	  002B	E8		LOOP:	MOV	A,R0
   39:	  002C	F5 83			MOV	DPH,A
   40:	  002E	E9			MOV	A,R1
   41:	  002F	F5 82			MOV	DPL,A
   42:
   43:	  0031	E0			MOVX	A,@DPTR

ASEM-51 V1.3                                         Copyright (c) 2002 by W.W. Heinz                                         PAGE 2



 Line  I  Addr  Code            Source

   44:	  0032	FF			MOV	R7,A	;SAVE AT R7 FROM DPTR
   45:	  0033	A3			INC	DPTR	;SHIF
   46:					;SAVE NEW ADDR
   47:	  0034	E5 83			MOV     A,DPH
   48:	  0036	F8			MOV	R0,A
   49:	  0037	E5 82			MOV     A,DPL
   50:	  0039	F9			MOV	R1,A
   51:
   52:	  003A	EC			MOV	A,R4
   53:	  003B	F5 83			MOV	DPH,A
   54:	  003D	ED			MOV	A,R5
   55:	  003E	F5 82			MOV	DPL,A
   56:
   57:	  0040	EF			MOV 	A,R7
   58:	  0041	F0			MOVX	@DPTR,A
   59:	  0042	A3			INC	DPTR
   60:	  0043	E5 83			MOV     A,DPH
   61:	  0045	FC			MOV	R4,A
   62:	  0046	E5 82			MOV     A,DPL
   63:	  0048	FD			MOV	R5,A
   64:
   65:	  0049	E8			MOV	A,R0
   66:	  004A	F5 F0			MOV	B,A
   67:	  004C	EA			MOV	A,R2
   68:
   69:	  004D	B5 F0 DB		CJNE	A,B,LOOP
   70:	  0050	E9			MOV	A,R1
   71:	  0051	F5 F0			MOV	B,A
   72:	  0053	EB			MOV	A,R3
   73:	  0054	B5 F0 D4		CJNE	A,B,LOOP
   74:
   75:	  0057	80 FE			SJMP 	$
   76:
   77:					END





                     register banks used:  ---

                     no errors




ASEM-51 V1.3                                         Copyright (c) 2002 by W.W. Heinz                                         PAGE 3





	       L I S T   O F   S Y M B O L S
	       =============================


SYMBOL				  TYPE     VALUE	LINE
------------------------------------------------------------
??ASEM_51			  NUMBER    8051
??VERSION			  NUMBER    0130
AC				  BIT	      D6
ACC				  DATA	      E0
B				  DATA	      F0
CY				  BIT	      D7
DPH				  DATA	      83
DPL				  DATA	      82
EA				  BIT	      AF
ES				  BIT	      AC
ET0				  BIT	      A9
ET1				  BIT	      AB
EX0				  BIT	      A8
EX1				  BIT	      AA
EXTI0				  CODE	    0003
EXTI1				  CODE	    0013
F0				  BIT	      D5
IE				  DATA	      A8
IE0				  BIT	      89
IE1				  BIT	      8B
INT0				  BIT	      B2
INT1				  BIT	      B3
IP				  DATA	      B8
IT0				  BIT	      88
IT1				  BIT	      8A
LOOP				  CODE	    002B	  38
OV				  BIT	      D2
P				  BIT	      D0
P0				  DATA	      80
P1				  DATA	      90
P2				  DATA	      A0
P3				  DATA	      B0
PCON				  DATA	      87
PS				  BIT	      BC
PSW				  DATA	      D0
PT0				  BIT	      B9
PT1				  BIT	      BB
PX0				  BIT	      B8
PX1				  BIT	      BA
RB8				  BIT	      9A
RD				  BIT	      B7
REN				  BIT	      9C
RESET				  CODE	    0000
RI				  BIT	      98
RS0				  BIT	      D3
RS1				  BIT	      D4
RXD				  BIT	      B0
SBUF				  DATA	      99
SCON				  DATA	      98
SINT				  CODE	    0023

ASEM-51 V1.3                                         Copyright (c) 2002 by W.W. Heinz                                         PAGE 4



SYMBOL				  TYPE     VALUE	LINE
------------------------------------------------------------
SM0				  BIT	      9F
SM1				  BIT	      9E
SM2				  BIT	      9D
SP				  DATA	      81
T0				  BIT	      B4
T1				  BIT	      B5
TB8				  BIT	      9B
TCON				  DATA	      88
TF0				  BIT	      8D
TF1				  BIT	      8F
TH0				  DATA	      8C
TH1				  DATA	      8D
TI				  BIT	      99
TIMER0				  CODE	    000B
TIMER1				  CODE	    001B
TL0				  DATA	      8A
TL1				  DATA	      8B
TMOD				  DATA	      89
TR0				  BIT	      8C
TR1				  BIT	      8E
TXD				  BIT	      B1
WR				  BIT	      B6
