
ASEM-51 V1.3                                         Copyright (c) 2002 by W.W. Heinz                                         PAGE 1





       MCS-51 Family Macro Assembler   A S E M - 5 1   V 1.3
       =====================================================



	Source File:	E:\micro\Lab\WEEK5\asm01.asm
	Object File:	E:\micro\Lab\WEEK5\asm01.hex
	List File:	E:\micro\Lab\WEEK5\asm01.lst



 Line  I  Addr  Code            Source

    1:		N      8000	ORG	8000H
    2:	  8000	75 90 FF		MOV	P1,#0FFH
    3:	  8003	74 3F		LOOP:	MOV	A,#3FH
    4:	  8005	30 90 2A		JNB	P1.0,SHOWDATA
    5:	  8008	74 06			MOV	A,#06H
    6:	  800A	30 91 25		JNB	P1.1,SHOWDATA
    7:	  800D	74 5B			MOV	A,#5BH
    8:	  800F	30 92 20		JNB	P1.2,SHOWDATA
    9:	  8012	74 4F			MOV	A,#4FH
   10:	  8014	30 93 1B		JNB	P1.3,SHOWDATA
   11:	  8017	74 66			MOV	A,#66H
   12:	  8019	30 94 16		JNB	P1.4,SHOWDATA
   13:	  801C	74 6D			MOV	A,#6DH
   14:	  801E	30 95 11		JNB	P1.5,SHOWDATA
   15:	  8021	74 7D			MOV	A,#7DH
   16:	  8023	30 96 0C		JNB	P1.6,SHOWDATA
   17:	  8026	74 07			MOV	A,#07H
   18:	  8028	30 97 07		JNB	P1.7,SHOWDATA
   19:	  802B	74 7F			MOV	A,#7FH
   20:	  802D	02 80 32		JMP	SHOWDATA
   21:	  8030	80 D1			JMP	LOOP
   22:
   23:	  8032			SHOWDATA:
   24:	  8032	90 E0 60		MOV	DPTR,#0E060H
   25:	  8035	F0			MOVX	@DPTR,A
   26:	  8036	80 CB			JMP	LOOP
   27:					END





                     register banks used:  ---

                     no errors




ASEM-51 V1.3                                         Copyright (c) 2002 by W.W. Heinz                                         PAGE 2





	       L I S T   O F   S Y M B O L S
	       =============================


SYMBOL				  TYPE     VALUE	LINE
------------------------------------------------------------
??ASEM_51			  NUMBER    8051
??VERSION			  NUMBER    0130
AC				  BIT	      D6
ACC				  DATA	      E0
B				  DATA	      F0
CY				  BIT	      D7
DPH				  DATA	      83
DPL				  DATA	      82
EA				  BIT	      AF
ES				  BIT	      AC
ET0				  BIT	      A9
ET1				  BIT	      AB
EX0				  BIT	      A8
EX1				  BIT	      AA
EXTI0				  CODE	    0003
EXTI1				  CODE	    0013
F0				  BIT	      D5
IE				  DATA	      A8
IE0				  BIT	      89
IE1				  BIT	      8B
INT0				  BIT	      B2
INT1				  BIT	      B3
IP				  DATA	      B8
IT0				  BIT	      88
IT1				  BIT	      8A
LOOP				  CODE	    8003	   3
OV				  BIT	      D2
P				  BIT	      D0
P0				  DATA	      80
P1				  DATA	      90
P2				  DATA	      A0
P3				  DATA	      B0
PCON				  DATA	      87
PS				  BIT	      BC
PSW				  DATA	      D0
PT0				  BIT	      B9
PT1				  BIT	      BB
PX0				  BIT	      B8
PX1				  BIT	      BA
RB8				  BIT	      9A
RD				  BIT	      B7
REN				  BIT	      9C
RESET				  CODE	    0000
RI				  BIT	      98
RS0				  BIT	      D3
RS1				  BIT	      D4
RXD				  BIT	      B0
SBUF				  DATA	      99
SCON				  DATA	      98
SHOWDATA			  CODE	    8032	  23

ASEM-51 V1.3                                         Copyright (c) 2002 by W.W. Heinz                                         PAGE 3



SYMBOL				  TYPE     VALUE	LINE
------------------------------------------------------------
SINT				  CODE	    0023
SM0				  BIT	      9F
SM1				  BIT	      9E
SM2				  BIT	      9D
SP				  DATA	      81
T0				  BIT	      B4
T1				  BIT	      B5
TB8				  BIT	      9B
TCON				  DATA	      88
TF0				  BIT	      8D
TF1				  BIT	      8F
TH0				  DATA	      8C
TH1				  DATA	      8D
TI				  BIT	      99
TIMER0				  CODE	    000B
TIMER1				  CODE	    001B
TL0				  DATA	      8A
TL1				  DATA	      8B
TMOD				  DATA	      89
TR0				  BIT	      8C
TR1				  BIT	      8E
TXD				  BIT	      B1
WR				  BIT	      B6
