
ASEM-51 V1.3                                         Copyright (c) 2002 by W.W. Heinz                                         PAGE 1





       MCS-51 Family Macro Assembler   A S E M - 5 1   V 1.3
       =====================================================



	Source File:	H:\micro\Lab\WEEK5\pt04.asm
	Object File:	H:\micro\Lab\WEEK5\pt04.hex
	List File:	H:\micro\Lab\WEEK5\pt04.lst



 Line  I  Addr  Code            Source

    1:		N      0000	ORG	0000H
    2:	  0000	02 01 00	JMP	START
    3:
    4:		N      0100	ORG	0100H
    5:	  0100	C3		START:	CLR	C
    6:	  0101	43 90 0F	ORL	P1,#0FH
    7:	  0104	53 90 0F	ANL	P1,#0FH
    8:	  0107	90 01 19	MOV	DPTR,#XTABLE
    9:	  010A	7E FF		MOV	R6,#-1
   10:
   11:	  010C	EF		LOOP:	MOV	A,R7
   12:	  010D	2E		ADD	A,R6
   13:	  010E	54 0F		ANL	A,#0FH
   14:	  0110	FF		MOV	R7,A
   15:	  0111	93		MOVC	A,@A+DPTR
   16:	  0112	F5 B0		MOV	P3,A
   17:	  0114	12 01 23	CALL	DLY00
   18:	  0117	80 F3		JMP	LOOP
   19:
   20:	  0119	3F 06 5B 4F	XTABLE:	DB	3FH,06H,5BH,4FH,66H,6DH,7DH,07H,7FH,6FH
	  011D	66 6D 7D 07
	  0121	7F 6F
   21:
   22:
   23:
   24:
   25:	  0123	78 06		DLY00 :	MOV	R0,#6
   26:	  0125	30 90 0C	_DLY00:	JNB	P1.0,_SetUP
   27:	  0128	30 93 10		JNB	P1.3,_SetDW
   28:
   29:	  012B	D5 E0 F7		DJNZ	Acc,_DLY00
   30:	  012E	D5 F0 F4		DJNZ	B,_DLY00
   31:
   32:	  0131	D8 F2			DJNZ	R0,_DLY00
   33:	  0133	22			RET
   34:
   35:	  0134	7E 01		_SetUP:	MOV	R6,#1
   36:	  0136	D2 94			SETB	P1.4
   37:	  0138	C2 97			CLR	P1.7
   38:	  013A	22			RET
   39:
   40:	  013B	7E FF		_SetDW:	MOV	R6,#-1
   41:	  013D	D2 97			SETB	P1.7

ASEM-51 V1.3                                         Copyright (c) 2002 by W.W. Heinz                                         PAGE 2



 Line  I  Addr  Code            Source

   42:	  013F	C2 94			CLR	P1.4
   43:	  0141	22			RET
   44:
   45:				END
   46:
   47:				;	DB	3FH,06H,5BH,4FH
   48:				;	DB	66H,6DH,7DH,07H
   49:				;	DB	7FH,6FH,77H,7CH
   50:				;	DB	39H,5EH,79H,71H
   51:





                     register banks used:  ---

                     no errors




ASEM-51 V1.3                                         Copyright (c) 2002 by W.W. Heinz                                         PAGE 3





	       L I S T   O F   S Y M B O L S
	       =============================


SYMBOL				  TYPE     VALUE	LINE
------------------------------------------------------------
??ASEM_51			  NUMBER    8051
??VERSION			  NUMBER    0130
AC				  BIT	      D6
ACC				  DATA	      E0
B				  DATA	      F0
CY				  BIT	      D7
DLY00				  CODE	    0123	  25
DPH				  DATA	      83
DPL				  DATA	      82
EA				  BIT	      AF
ES				  BIT	      AC
ET0				  BIT	      A9
ET1				  BIT	      AB
EX0				  BIT	      A8
EX1				  BIT	      AA
EXTI0				  CODE	    0003
EXTI1				  CODE	    0013
F0				  BIT	      D5
IE				  DATA	      A8
IE0				  BIT	      89
IE1				  BIT	      8B
INT0				  BIT	      B2
INT1				  BIT	      B3
IP				  DATA	      B8
IT0				  BIT	      88
IT1				  BIT	      8A
LOOP				  CODE	    010C	  11
OV				  BIT	      D2
P				  BIT	      D0
P0				  DATA	      80
P1				  DATA	      90
P2				  DATA	      A0
P3				  DATA	      B0
PCON				  DATA	      87
PS				  BIT	      BC
PSW				  DATA	      D0
PT0				  BIT	      B9
PT1				  BIT	      BB
PX0				  BIT	      B8
PX1				  BIT	      BA
RB8				  BIT	      9A
RD				  BIT	      B7
REN				  BIT	      9C
RESET				  CODE	    0000
RI				  BIT	      98
RS0				  BIT	      D3
RS1				  BIT	      D4
RXD				  BIT	      B0
SBUF				  DATA	      99
SCON				  DATA	      98

ASEM-51 V1.3                                         Copyright (c) 2002 by W.W. Heinz                                         PAGE 4



SYMBOL				  TYPE     VALUE	LINE
------------------------------------------------------------
SINT				  CODE	    0023
SM0				  BIT	      9F
SM1				  BIT	      9E
SM2				  BIT	      9D
SP				  DATA	      81
START				  CODE	    0100	   5
T0				  BIT	      B4
T1				  BIT	      B5
TB8				  BIT	      9B
TCON				  DATA	      88
TF0				  BIT	      8D
TF1				  BIT	      8F
TH0				  DATA	      8C
TH1				  DATA	      8D
TI				  BIT	      99
TIMER0				  CODE	    000B
TIMER1				  CODE	    001B
TL0				  DATA	      8A
TL1				  DATA	      8B
TMOD				  DATA	      89
TR0				  BIT	      8C
TR1				  BIT	      8E
TXD				  BIT	      B1
WR				  BIT	      B6
XTABLE				  CODE	    0119	  20
_DLY00				  CODE	    0125	  26
_SETDW				  CODE	    013B	  40
_SETUP				  CODE	    0134	  35
